5-14-2025 16:38:27 - log: Load engine in C:\ProgramData\cocos\editors\Creator\3.8.6\resources\resources\3d\engine
5-14-2025 16:38:28 - log: Register native engine in C:\ProgramData\cocos\editors\Creator\3.8.6\resources\resources\3d\engine\native
5-14-2025 16:38:29 - log: Request namespace: device-list
5-14-2025 16:38:43 - error: EBUSY: resource busy or locked, open 'D:\NinjaLoop\temp\declarations\cc.custom-macro.d.ts'Error: EBUSY: resource busy or locked, open 'D:\NinjaLoop\temp\declarations\cc.custom-macro.d.ts'
5-14-2025 16:38:48 - log: [Scene] meshopt wasm decoder initialized
5-14-2025 16:38:48 - log: [Scene] [box2d]:box2d wasm lib loaded.
5-14-2025 16:38:48 - log: [Scene] [bullet]:bullet wasm lib loaded.
5-14-2025 16:38:48 - log: [Scene] [PHYSICS]: using builtin.
5-14-2025 16:38:48 - log: [Scene] Cocos Creator v3.8.6
5-14-2025 16:38:48 - error: [Scene] Can not parse this input:{"path":"defines","__requestType__":"path","type":null,"bundle":"","preset":"default","priority":0}Error: Can not parse this input:{"path":"defines","__requestType__":"path","type":null,"bundle":"","preset":"default","priority":0}
    at parse (C:\ProgramData\cocos\editors\Creator\3.8.6\resources\resources\3d\engine\bin\.cache\dev\editor\bundled\index.js:117090:15)
    at Pipeline.sync (C:\ProgramData\cocos\editors\Creator\3.8.6\resources\resources\3d\engine\bin\.cache\dev\editor\bundled\index.js:115715:28)
    at preprocess (C:\ProgramData\cocos\editors\Creator\3.8.6\resources\resources\3d\engine\bin\.cache\dev\editor\bundled\index.js:115993:53)
    at Pipeline._flow (C:\ProgramData\cocos\editors\Creator\3.8.6\resources\resources\3d\engine\bin\.cache\dev\editor\bundled\index.js:115759:11)
    at Pipeline.async (C:\ProgramData\cocos\editors\Creator\3.8.6\resources\resources\3d\engine\bin\.cache\dev\editor\bundled\index.js:115755:16)
    at AssetManager.loadAny (C:\ProgramData\cocos\editors\Creator\3.8.6\resources\resources\3d\engine\bin\.cache\dev\editor\bundled\index.js:109614:20)
    at Bundle.load (C:\ProgramData\cocos\editors\Creator\3.8.6\resources\resources\3d\engine\bin\.cache\dev\editor\bundled\index.js:112965:33)
    at file:///D:/NinjaLoop/temp/programming/packer-driver/targets/editor/chunks/16/166317d2e13a969e8f0081247966eb962d781c51.js:25:23
    at new Promise (<anonymous>)
    at Function.readJson (file:///D:/NinjaLoop/temp/programming/packer-driver/targets/editor/chunks/16/166317d2e13a969e8f0081247966eb962d781c51.js:24:18)
    at Object.execute (file:///D:/NinjaLoop/temp/programming/packer-driver/targets/editor/chunks/bf/bf0116ac2ad134605a31291bef9fec1898bf5e60.js:51:43)
    at doExec (C:\ProgramData\cocos\editors\Creator\3.8.6\resources\app.asar\node_modules\@editor\lib-programming\static\executor\systemjs-bridge\out\index.js:517:30)
    at postOrderExec (C:\ProgramData\cocos\editors\Creator\3.8.6\resources\app.asar\node_modules\@editor\lib-programming\static\executor\systemjs-bridge\out\index.js:508:21)
    at C:\ProgramData\cocos\editors\Creator\3.8.6\resources\app.asar\node_modules\@editor\lib-programming\static\executor\systemjs-bridge\out\index.js:440:12
    at file:///D:/NinjaLoop/temp/programming/packer-driver/targets/editor/chunks/6d/6d8fd2b0177941b032ddc0733af48a561fb60657.js:13:13
    at Object.execute (file:///D:/NinjaLoop/temp/programming/packer-driver/targets/editor/chunks/6d/6d8fd2b0177941b032ddc0733af48a561fb60657.js:8:7)
    at Executor._importPrerequisiteModules (C:\ProgramData\cocos\editors\Creator\3.8.6\resources\app.asar\node_modules\@editor\lib-programming\src\executor\index.ts:358:13)
    at Executor.reload (C:\ProgramData\cocos\editors\Creator\3.8.6\resources\app.asar\node_modules\@editor\lib-programming\src\executor\index.ts:235:13)
    at C:\ProgramData\cocos\editors\Creator\3.8.6\resources\app.asar\builtin\scene\dist\script\3d\manager\scripts.ccc:1:1787
    at GlobalEnv.processQueue (C:\ProgramData\cocos\editors\Creator\3.8.6\resources\app.asar\builtin\scene\dist\script\3d\manager\scripts.ccc:1:2184)
    at GlobalEnv.record (C:\ProgramData\cocos\editors\Creator\3.8.6\resources\app.asar\builtin\scene\dist\script\3d\manager\scripts.ccc:1:1955)
    at ScriptManager.init (C:\ProgramData\cocos\editors\Creator\3.8.6\resources\app.asar\builtin\scene\dist\script\3d\manager\scripts.ccc:1:3794)
5-14-2025 16:38:49 - error: [Scene] Failed to load PropNameMap from defines.json: Error: Can not parse this input:{"path":"defines","__requestType__":"path","type":null,"bundle":"","preset":"default","priority":0}
    at parse (C:\ProgramData\cocos\editors\Creator\3.8.6\resources\resources\3d\engine\bin\.cache\dev\editor\bundled\index.js:117090:15)
    at Pipeline.sync (C:\ProgramData\cocos\editors\Creator\3.8.6\resources\resources\3d\engine\bin\.cache\dev\editor\bundled\index.js:115715:28)
    at preprocess (C:\ProgramData\cocos\editors\Creator\3.8.6\resources\resources\3d\engine\bin\.cache\dev\editor\bundled\index.js:115993:53)
    at Pipeline._flow (C:\ProgramData\cocos\editors\Creator\3.8.6\resources\resources\3d\engine\bin\.cache\dev\editor\bundled\index.js:115759:11)
    at Pipeline.async (C:\ProgramData\cocos\editors\Creator\3.8.6\resources\resources\3d\engine\bin\.cache\dev\editor\bundled\index.js:115755:16)
    at AssetManager.loadAny (C:\ProgramData\cocos\editors\Creator\3.8.6\resources\resources\3d\engine\bin\.cache\dev\editor\bundled\index.js:109614:20)
    at Bundle.load (C:\ProgramData\cocos\editors\Creator\3.8.6\resources\resources\3d\engine\bin\.cache\dev\editor\bundled\index.js:112965:33)
    at file:///D:/NinjaLoop/temp/programming/packer-driver/targets/editor/chunks/16/166317d2e13a969e8f0081247966eb962d781c51.js:25:23
    at new Promise (<anonymous>)
    at Function.readJson (file:///D:/NinjaLoop/temp/programming/packer-driver/targets/editor/chunks/16/166317d2e13a969e8f0081247966eb962d781c51.js:24:18)
    at Object.execute (file:///D:/NinjaLoop/temp/programming/packer-driver/targets/editor/chunks/bf/bf0116ac2ad134605a31291bef9fec1898bf5e60.js:51:43)
    at doExec (C:\ProgramData\cocos\editors\Creator\3.8.6\resources\app.asar\node_modules\@editor\lib-programming\static\executor\systemjs-bridge\out\index.js:517:30)
    at postOrderExec (C:\ProgramData\cocos\editors\Creator\3.8.6\resources\app.asar\node_modules\@editor\lib-programming\static\executor\systemjs-bridge\out\index.js:508:21)
    at C:\ProgramData\cocos\editors\Creator\3.8.6\resources\app.asar\node_modules\@editor\lib-programming\static\executor\systemjs-bridge\out\index.js:440:12
    at file:///D:/NinjaLoop/temp/programming/packer-driver/targets/editor/chunks/6d/6d8fd2b0177941b032ddc0733af48a561fb60657.js:13:13
    at Object.execute (file:///D:/NinjaLoop/temp/programming/packer-driver/targets/editor/chunks/6d/6d8fd2b0177941b032ddc0733af48a561fb60657.js:8:7)
    at Executor._importPrerequisiteModules (C:\ProgramData\cocos\editors\Creator\3.8.6\resources\app.asar\node_modules\@editor\lib-programming\src\executor\index.ts:358:13)
    at Executor.reload (C:\ProgramData\cocos\editors\Creator\3.8.6\resources\app.asar\node_modules\@editor\lib-programming\src\executor\index.ts:235:13)
    at C:\ProgramData\cocos\editors\Creator\3.8.6\resources\app.asar\builtin\scene\dist\script\3d\manager\scripts.ccc:1:1787
    at GlobalEnv.processQueue (C:\ProgramData\cocos\editors\Creator\3.8.6\resources\app.asar\builtin\scene\dist\script\3d\manager\scripts.ccc:1:2184)
    at GlobalEnv.record (C:\ProgramData\cocos\editors\Creator\3.8.6\resources\app.asar\builtin\scene\dist\script\3d\manager\scripts.ccc:1:1955)
    at ScriptManager.init (C:\ProgramData\cocos\editors\Creator\3.8.6\resources\app.asar\builtin\scene\dist\script\3d\manager\scripts.ccc:1:3794)Error: [Scene] Failed to load PropNameMap from defines.json: Error: Can not parse this input:{"path":"defines","__requestType__":"path","type":null,"bundle":"","preset":"default","priority":0}
    at Pipeline._flow (C:\ProgramData\cocos\editors\Creator\3.8.6\resources\resources\3d\engine\bin\.cache\dev\editor\bundled\index.js:115759:11)
    at Pipeline.async (C:\ProgramData\cocos\editors\Creator\3.8.6\resources\resources\3d\engine\bin\.cache\dev\editor\bundled\index.js:115755:16)
    at AssetManager.loadAny (C:\ProgramData\cocos\editors\Creator\3.8.6\resources\resources\3d\engine\bin\.cache\dev\editor\bundled\index.js:109614:20)
    at Bundle.load (C:\ProgramData\cocos\editors\Creator\3.8.6\resources\resources\3d\engine\bin\.cache\dev\editor\bundled\index.js:112965:33)
    at file:///D:/NinjaLoop/temp/programming/packer-driver/targets/editor/chunks/16/166317d2e13a969e8f0081247966eb962d781c51.js:25:23
    at new Promise (<anonymous>)
    at Function.readJson (file:///D:/NinjaLoop/temp/programming/packer-driver/targets/editor/chunks/16/166317d2e13a969e8f0081247966eb962d781c51.js:24:18)
    at Object.execute (file:///D:/NinjaLoop/temp/programming/packer-driver/targets/editor/chunks/bf/bf0116ac2ad134605a31291bef9fec1898bf5e60.js:51:43)
    at doExec (C:\ProgramData\cocos\editors\Creator\3.8.6\resources\app.asar\node_modules\@editor\lib-programming\static\executor\systemjs-bridge\out\index.js:517:30)
    at postOrderExec (C:\ProgramData\cocos\editors\Creator\3.8.6\resources\app.asar\node_modules\@editor\lib-programming\static\executor\systemjs-bridge\out\index.js:508:21)
    at C:\ProgramData\cocos\editors\Creator\3.8.6\resources\app.asar\node_modules\@editor\lib-programming\static\executor\systemjs-bridge\out\index.js:440:12
    at file:///D:/NinjaLoop/temp/programming/packer-driver/targets/editor/chunks/6d/6d8fd2b0177941b032ddc0733af48a561fb60657.js:13:13
    at Object.execute (file:///D:/NinjaLoop/temp/programming/packer-driver/targets/editor/chunks/6d/6d8fd2b0177941b032ddc0733af48a561fb60657.js:8:7)
    at Executor._importPrerequisiteModules (C:\ProgramData\cocos\editors\Creator\3.8.6\resources\app.asar\node_modules\@editor\lib-programming\src\executor\index.ts:358:13)
    at Executor.reload (C:\ProgramData\cocos\editors\Creator\3.8.6\resources\app.asar\node_modules\@editor\lib-programming\src\executor\index.ts:235:13)
    at C:\ProgramData\cocos\editors\Creator\3.8.6\resources\app.asar\builtin\scene\dist\script\3d\manager\scripts.ccc:1:1787
    at GlobalEnv.processQueue (C:\ProgramData\cocos\editors\Creator\3.8.6\resources\app.asar\builtin\scene\dist\script\3d\manager\scripts.ccc:1:2184)
    at GlobalEnv.record (C:\ProgramData\cocos\editors\Creator\3.8.6\resources\app.asar\builtin\scene\dist\script\3d\manager\scripts.ccc:1:1955)
    at ScriptManager.init (C:\ProgramData\cocos\editors\Creator\3.8.6\resources\app.asar\builtin\scene\dist\script\3d\manager\scripts.ccc:1:3794)
    at Logger._logHandler (C:\ProgramData\cocos\editors\Creator\3.8.6\resources\app.asar\builtin\scene\dist\script\3d\manager\startup\log.ccc:1:487)
    at Logger.record (C:\ProgramData\cocos\editors\Creator\3.8.6\resources\app.asar\node_modules\@base\electron-logger\lib\renderer.ccc:1:458)
    at console.<anonymous> (C:\ProgramData\cocos\editors\Creator\3.8.6\resources\app.asar\node_modules\@base\electron-logger\lib\renderer.ccc:1:1414)
    at console.error (C:\ProgramData\cocos\editors\Creator\3.8.6\resources\app.asar\node_modules\@sentry\src\instrument\console.ts:40:20)
    at file:///D:/NinjaLoop/temp/programming/packer-driver/targets/editor/chunks/bf/bf0116ac2ad134605a31291bef9fec1898bf5e60.js:54:17
5-14-2025 16:38:49 - log: [Scene] Using legacy pipeline
5-14-2025 16:38:49 - log: [Scene] Forward render pipeline initialized.
5-14-2025 16:38:49 - log: [Scene] [PHYSICS2D]: switch from box2d-wasm to builtin.
5-16-2025 15:36:39 - error: [Scene] Can not parse this input:{"path":"defines","__requestType__":"path","type":null,"bundle":"","preset":"default","priority":0}Error: Can not parse this input:{"path":"defines","__requestType__":"path","type":null,"bundle":"","preset":"default","priority":0}
    at parse (C:\ProgramData\cocos\editors\Creator\3.8.6\resources\resources\3d\engine\bin\.cache\dev\editor\bundled\index.js:117090:15)
    at Pipeline.sync (C:\ProgramData\cocos\editors\Creator\3.8.6\resources\resources\3d\engine\bin\.cache\dev\editor\bundled\index.js:115715:28)
    at preprocess (C:\ProgramData\cocos\editors\Creator\3.8.6\resources\resources\3d\engine\bin\.cache\dev\editor\bundled\index.js:115993:53)
    at Pipeline._flow (C:\ProgramData\cocos\editors\Creator\3.8.6\resources\resources\3d\engine\bin\.cache\dev\editor\bundled\index.js:115759:11)
    at Pipeline.async (C:\ProgramData\cocos\editors\Creator\3.8.6\resources\resources\3d\engine\bin\.cache\dev\editor\bundled\index.js:115755:16)
    at AssetManager.loadAny (C:\ProgramData\cocos\editors\Creator\3.8.6\resources\resources\3d\engine\bin\.cache\dev\editor\bundled\index.js:109614:20)
    at Bundle.load (C:\ProgramData\cocos\editors\Creator\3.8.6\resources\resources\3d\engine\bin\.cache\dev\editor\bundled\index.js:112965:33)
    at file:///D:/NinjaLoop/temp/programming/packer-driver/targets/editor/chunks/16/166317d2e13a969e8f0081247966eb962d781c51.js:25:23
    at new Promise (<anonymous>)
    at Function.readJson (file:///D:/NinjaLoop/temp/programming/packer-driver/targets/editor/chunks/16/166317d2e13a969e8f0081247966eb962d781c51.js:24:18)
    at Object.execute (file:///D:/NinjaLoop/temp/programming/packer-driver/targets/editor/chunks/bf/bf0116ac2ad134605a31291bef9fec1898bf5e60.js:51:43)
    at doExec (C:\ProgramData\cocos\editors\Creator\3.8.6\resources\app.asar\node_modules\@editor\lib-programming\static\executor\systemjs-bridge\out\index.js:517:30)
    at postOrderExec (C:\ProgramData\cocos\editors\Creator\3.8.6\resources\app.asar\node_modules\@editor\lib-programming\static\executor\systemjs-bridge\out\index.js:508:21)
    at C:\ProgramData\cocos\editors\Creator\3.8.6\resources\app.asar\node_modules\@editor\lib-programming\static\executor\systemjs-bridge\out\index.js:440:12
    at file:///D:/NinjaLoop/temp/programming/packer-driver/targets/editor/chunks/6d/6d8fd2b0177941b032ddc0733af48a561fb60657.js:13:13
    at Object.execute (file:///D:/NinjaLoop/temp/programming/packer-driver/targets/editor/chunks/6d/6d8fd2b0177941b032ddc0733af48a561fb60657.js:8:7)
    at Executor._importPrerequisiteModules (C:\ProgramData\cocos\editors\Creator\3.8.6\resources\app.asar\node_modules\@editor\lib-programming\src\executor\index.ts:358:13)
    at Executor.reload (C:\ProgramData\cocos\editors\Creator\3.8.6\resources\app.asar\node_modules\@editor\lib-programming\src\executor\index.ts:235:13)
    at C:\ProgramData\cocos\editors\Creator\3.8.6\resources\app.asar\builtin\scene\dist\script\3d\manager\scripts.ccc:1:1787
    at GlobalEnv.processQueue (C:\ProgramData\cocos\editors\Creator\3.8.6\resources\app.asar\builtin\scene\dist\script\3d\manager\scripts.ccc:1:2184)
    at GlobalEnv.record (C:\ProgramData\cocos\editors\Creator\3.8.6\resources\app.asar\builtin\scene\dist\script\3d\manager\scripts.ccc:1:1955)
5-16-2025 15:36:39 - error: [Scene] Failed to load PropNameMap from defines.json: Error: Can not parse this input:{"path":"defines","__requestType__":"path","type":null,"bundle":"","preset":"default","priority":0}
    at parse (C:\ProgramData\cocos\editors\Creator\3.8.6\resources\resources\3d\engine\bin\.cache\dev\editor\bundled\index.js:117090:15)
    at Pipeline.sync (C:\ProgramData\cocos\editors\Creator\3.8.6\resources\resources\3d\engine\bin\.cache\dev\editor\bundled\index.js:115715:28)
    at preprocess (C:\ProgramData\cocos\editors\Creator\3.8.6\resources\resources\3d\engine\bin\.cache\dev\editor\bundled\index.js:115993:53)
    at Pipeline._flow (C:\ProgramData\cocos\editors\Creator\3.8.6\resources\resources\3d\engine\bin\.cache\dev\editor\bundled\index.js:115759:11)
    at Pipeline.async (C:\ProgramData\cocos\editors\Creator\3.8.6\resources\resources\3d\engine\bin\.cache\dev\editor\bundled\index.js:115755:16)
    at AssetManager.loadAny (C:\ProgramData\cocos\editors\Creator\3.8.6\resources\resources\3d\engine\bin\.cache\dev\editor\bundled\index.js:109614:20)
    at Bundle.load (C:\ProgramData\cocos\editors\Creator\3.8.6\resources\resources\3d\engine\bin\.cache\dev\editor\bundled\index.js:112965:33)
    at file:///D:/NinjaLoop/temp/programming/packer-driver/targets/editor/chunks/16/166317d2e13a969e8f0081247966eb962d781c51.js:25:23
    at new Promise (<anonymous>)
    at Function.readJson (file:///D:/NinjaLoop/temp/programming/packer-driver/targets/editor/chunks/16/166317d2e13a969e8f0081247966eb962d781c51.js:24:18)
    at Object.execute (file:///D:/NinjaLoop/temp/programming/packer-driver/targets/editor/chunks/bf/bf0116ac2ad134605a31291bef9fec1898bf5e60.js:51:43)
    at doExec (C:\ProgramData\cocos\editors\Creator\3.8.6\resources\app.asar\node_modules\@editor\lib-programming\static\executor\systemjs-bridge\out\index.js:517:30)
    at postOrderExec (C:\ProgramData\cocos\editors\Creator\3.8.6\resources\app.asar\node_modules\@editor\lib-programming\static\executor\systemjs-bridge\out\index.js:508:21)
    at C:\ProgramData\cocos\editors\Creator\3.8.6\resources\app.asar\node_modules\@editor\lib-programming\static\executor\systemjs-bridge\out\index.js:440:12
    at file:///D:/NinjaLoop/temp/programming/packer-driver/targets/editor/chunks/6d/6d8fd2b0177941b032ddc0733af48a561fb60657.js:13:13
    at Object.execute (file:///D:/NinjaLoop/temp/programming/packer-driver/targets/editor/chunks/6d/6d8fd2b0177941b032ddc0733af48a561fb60657.js:8:7)
    at Executor._importPrerequisiteModules (C:\ProgramData\cocos\editors\Creator\3.8.6\resources\app.asar\node_modules\@editor\lib-programming\src\executor\index.ts:358:13)
    at Executor.reload (C:\ProgramData\cocos\editors\Creator\3.8.6\resources\app.asar\node_modules\@editor\lib-programming\src\executor\index.ts:235:13)
    at C:\ProgramData\cocos\editors\Creator\3.8.6\resources\app.asar\builtin\scene\dist\script\3d\manager\scripts.ccc:1:1787
    at GlobalEnv.processQueue (C:\ProgramData\cocos\editors\Creator\3.8.6\resources\app.asar\builtin\scene\dist\script\3d\manager\scripts.ccc:1:2184)
    at GlobalEnv.record (C:\ProgramData\cocos\editors\Creator\3.8.6\resources\app.asar\builtin\scene\dist\script\3d\manager\scripts.ccc:1:1955)Error: [Scene] Failed to load PropNameMap from defines.json: Error: Can not parse this input:{"path":"defines","__requestType__":"path","type":null,"bundle":"","preset":"default","priority":0}
    at Pipeline._flow (C:\ProgramData\cocos\editors\Creator\3.8.6\resources\resources\3d\engine\bin\.cache\dev\editor\bundled\index.js:115759:11)
    at Pipeline.async (C:\ProgramData\cocos\editors\Creator\3.8.6\resources\resources\3d\engine\bin\.cache\dev\editor\bundled\index.js:115755:16)
    at AssetManager.loadAny (C:\ProgramData\cocos\editors\Creator\3.8.6\resources\resources\3d\engine\bin\.cache\dev\editor\bundled\index.js:109614:20)
    at Bundle.load (C:\ProgramData\cocos\editors\Creator\3.8.6\resources\resources\3d\engine\bin\.cache\dev\editor\bundled\index.js:112965:33)
    at file:///D:/NinjaLoop/temp/programming/packer-driver/targets/editor/chunks/16/166317d2e13a969e8f0081247966eb962d781c51.js:25:23
    at new Promise (<anonymous>)
    at Function.readJson (file:///D:/NinjaLoop/temp/programming/packer-driver/targets/editor/chunks/16/166317d2e13a969e8f0081247966eb962d781c51.js:24:18)
    at Object.execute (file:///D:/NinjaLoop/temp/programming/packer-driver/targets/editor/chunks/bf/bf0116ac2ad134605a31291bef9fec1898bf5e60.js:51:43)
    at doExec (C:\ProgramData\cocos\editors\Creator\3.8.6\resources\app.asar\node_modules\@editor\lib-programming\static\executor\systemjs-bridge\out\index.js:517:30)
    at postOrderExec (C:\ProgramData\cocos\editors\Creator\3.8.6\resources\app.asar\node_modules\@editor\lib-programming\static\executor\systemjs-bridge\out\index.js:508:21)
    at C:\ProgramData\cocos\editors\Creator\3.8.6\resources\app.asar\node_modules\@editor\lib-programming\static\executor\systemjs-bridge\out\index.js:440:12
    at file:///D:/NinjaLoop/temp/programming/packer-driver/targets/editor/chunks/6d/6d8fd2b0177941b032ddc0733af48a561fb60657.js:13:13
    at Object.execute (file:///D:/NinjaLoop/temp/programming/packer-driver/targets/editor/chunks/6d/6d8fd2b0177941b032ddc0733af48a561fb60657.js:8:7)
    at Executor._importPrerequisiteModules (C:\ProgramData\cocos\editors\Creator\3.8.6\resources\app.asar\node_modules\@editor\lib-programming\src\executor\index.ts:358:13)
    at Executor.reload (C:\ProgramData\cocos\editors\Creator\3.8.6\resources\app.asar\node_modules\@editor\lib-programming\src\executor\index.ts:235:13)
    at C:\ProgramData\cocos\editors\Creator\3.8.6\resources\app.asar\builtin\scene\dist\script\3d\manager\scripts.ccc:1:1787
    at GlobalEnv.processQueue (C:\ProgramData\cocos\editors\Creator\3.8.6\resources\app.asar\builtin\scene\dist\script\3d\manager\scripts.ccc:1:2184)
    at GlobalEnv.record (C:\ProgramData\cocos\editors\Creator\3.8.6\resources\app.asar\builtin\scene\dist\script\3d\manager\scripts.ccc:1:1955)
    at Logger._logHandler (C:\ProgramData\cocos\editors\Creator\3.8.6\resources\app.asar\builtin\scene\dist\script\3d\manager\startup\log.ccc:1:487)
    at Logger.record (C:\ProgramData\cocos\editors\Creator\3.8.6\resources\app.asar\node_modules\@base\electron-logger\lib\renderer.ccc:1:458)
    at console.<anonymous> (C:\ProgramData\cocos\editors\Creator\3.8.6\resources\app.asar\node_modules\@base\electron-logger\lib\renderer.ccc:1:1414)
    at console.error (C:\ProgramData\cocos\editors\Creator\3.8.6\resources\app.asar\node_modules\@sentry\src\instrument\console.ts:40:20)
    at file:///D:/NinjaLoop/temp/programming/packer-driver/targets/editor/chunks/bf/bf0116ac2ad134605a31291bef9fec1898bf5e60.js:54:17
5-16-2025 21:04:16 - error: [Scene] Can not parse this input:{"path":"defines","__requestType__":"path","type":null,"bundle":"","preset":"default","priority":0}Error: Can not parse this input:{"path":"defines","__requestType__":"path","type":null,"bundle":"","preset":"default","priority":0}
    at parse (C:\ProgramData\cocos\editors\Creator\3.8.6\resources\resources\3d\engine\bin\.cache\dev\editor\bundled\index.js:117090:15)
    at Pipeline.sync (C:\ProgramData\cocos\editors\Creator\3.8.6\resources\resources\3d\engine\bin\.cache\dev\editor\bundled\index.js:115715:28)
    at preprocess (C:\ProgramData\cocos\editors\Creator\3.8.6\resources\resources\3d\engine\bin\.cache\dev\editor\bundled\index.js:115993:53)
    at Pipeline._flow (C:\ProgramData\cocos\editors\Creator\3.8.6\resources\resources\3d\engine\bin\.cache\dev\editor\bundled\index.js:115759:11)
    at Pipeline.async (C:\ProgramData\cocos\editors\Creator\3.8.6\resources\resources\3d\engine\bin\.cache\dev\editor\bundled\index.js:115755:16)
    at AssetManager.loadAny (C:\ProgramData\cocos\editors\Creator\3.8.6\resources\resources\3d\engine\bin\.cache\dev\editor\bundled\index.js:109614:20)
    at Bundle.load (C:\ProgramData\cocos\editors\Creator\3.8.6\resources\resources\3d\engine\bin\.cache\dev\editor\bundled\index.js:112965:33)
    at file:///D:/NinjaLoop/temp/programming/packer-driver/targets/editor/chunks/16/166317d2e13a969e8f0081247966eb962d781c51.js:25:23
    at new Promise (<anonymous>)
    at Function.readJson (file:///D:/NinjaLoop/temp/programming/packer-driver/targets/editor/chunks/16/166317d2e13a969e8f0081247966eb962d781c51.js:24:18)
    at Object.execute (file:///D:/NinjaLoop/temp/programming/packer-driver/targets/editor/chunks/bf/bf0116ac2ad134605a31291bef9fec1898bf5e60.js:51:43)
    at doExec (C:\ProgramData\cocos\editors\Creator\3.8.6\resources\app.asar\node_modules\@editor\lib-programming\static\executor\systemjs-bridge\out\index.js:517:30)
    at postOrderExec (C:\ProgramData\cocos\editors\Creator\3.8.6\resources\app.asar\node_modules\@editor\lib-programming\static\executor\systemjs-bridge\out\index.js:508:21)
    at C:\ProgramData\cocos\editors\Creator\3.8.6\resources\app.asar\node_modules\@editor\lib-programming\static\executor\systemjs-bridge\out\index.js:440:12
    at file:///D:/NinjaLoop/temp/programming/packer-driver/targets/editor/chunks/6d/6d8fd2b0177941b032ddc0733af48a561fb60657.js:13:13
    at Object.execute (file:///D:/NinjaLoop/temp/programming/packer-driver/targets/editor/chunks/6d/6d8fd2b0177941b032ddc0733af48a561fb60657.js:8:7)
    at Executor._importPrerequisiteModules (C:\ProgramData\cocos\editors\Creator\3.8.6\resources\app.asar\node_modules\@editor\lib-programming\src\executor\index.ts:358:13)
    at Executor.reload (C:\ProgramData\cocos\editors\Creator\3.8.6\resources\app.asar\node_modules\@editor\lib-programming\src\executor\index.ts:235:13)
    at C:\ProgramData\cocos\editors\Creator\3.8.6\resources\app.asar\builtin\scene\dist\script\3d\manager\scripts.ccc:1:1787
    at GlobalEnv.processQueue (C:\ProgramData\cocos\editors\Creator\3.8.6\resources\app.asar\builtin\scene\dist\script\3d\manager\scripts.ccc:1:2184)
    at GlobalEnv.record (C:\ProgramData\cocos\editors\Creator\3.8.6\resources\app.asar\builtin\scene\dist\script\3d\manager\scripts.ccc:1:1955)
5-16-2025 21:04:16 - error: [Scene] Failed to load PropNameMap from defines.json: Error: Can not parse this input:{"path":"defines","__requestType__":"path","type":null,"bundle":"","preset":"default","priority":0}
    at parse (C:\ProgramData\cocos\editors\Creator\3.8.6\resources\resources\3d\engine\bin\.cache\dev\editor\bundled\index.js:117090:15)
    at Pipeline.sync (C:\ProgramData\cocos\editors\Creator\3.8.6\resources\resources\3d\engine\bin\.cache\dev\editor\bundled\index.js:115715:28)
    at preprocess (C:\ProgramData\cocos\editors\Creator\3.8.6\resources\resources\3d\engine\bin\.cache\dev\editor\bundled\index.js:115993:53)
    at Pipeline._flow (C:\ProgramData\cocos\editors\Creator\3.8.6\resources\resources\3d\engine\bin\.cache\dev\editor\bundled\index.js:115759:11)
    at Pipeline.async (C:\ProgramData\cocos\editors\Creator\3.8.6\resources\resources\3d\engine\bin\.cache\dev\editor\bundled\index.js:115755:16)
    at AssetManager.loadAny (C:\ProgramData\cocos\editors\Creator\3.8.6\resources\resources\3d\engine\bin\.cache\dev\editor\bundled\index.js:109614:20)
    at Bundle.load (C:\ProgramData\cocos\editors\Creator\3.8.6\resources\resources\3d\engine\bin\.cache\dev\editor\bundled\index.js:112965:33)
    at file:///D:/NinjaLoop/temp/programming/packer-driver/targets/editor/chunks/16/166317d2e13a969e8f0081247966eb962d781c51.js:25:23
    at new Promise (<anonymous>)
    at Function.readJson (file:///D:/NinjaLoop/temp/programming/packer-driver/targets/editor/chunks/16/166317d2e13a969e8f0081247966eb962d781c51.js:24:18)
    at Object.execute (file:///D:/NinjaLoop/temp/programming/packer-driver/targets/editor/chunks/bf/bf0116ac2ad134605a31291bef9fec1898bf5e60.js:51:43)
    at doExec (C:\ProgramData\cocos\editors\Creator\3.8.6\resources\app.asar\node_modules\@editor\lib-programming\static\executor\systemjs-bridge\out\index.js:517:30)
    at postOrderExec (C:\ProgramData\cocos\editors\Creator\3.8.6\resources\app.asar\node_modules\@editor\lib-programming\static\executor\systemjs-bridge\out\index.js:508:21)
    at C:\ProgramData\cocos\editors\Creator\3.8.6\resources\app.asar\node_modules\@editor\lib-programming\static\executor\systemjs-bridge\out\index.js:440:12
    at file:///D:/NinjaLoop/temp/programming/packer-driver/targets/editor/chunks/6d/6d8fd2b0177941b032ddc0733af48a561fb60657.js:13:13
    at Object.execute (file:///D:/NinjaLoop/temp/programming/packer-driver/targets/editor/chunks/6d/6d8fd2b0177941b032ddc0733af48a561fb60657.js:8:7)
    at Executor._importPrerequisiteModules (C:\ProgramData\cocos\editors\Creator\3.8.6\resources\app.asar\node_modules\@editor\lib-programming\src\executor\index.ts:358:13)
    at Executor.reload (C:\ProgramData\cocos\editors\Creator\3.8.6\resources\app.asar\node_modules\@editor\lib-programming\src\executor\index.ts:235:13)
    at C:\ProgramData\cocos\editors\Creator\3.8.6\resources\app.asar\builtin\scene\dist\script\3d\manager\scripts.ccc:1:1787
    at GlobalEnv.processQueue (C:\ProgramData\cocos\editors\Creator\3.8.6\resources\app.asar\builtin\scene\dist\script\3d\manager\scripts.ccc:1:2184)
    at GlobalEnv.record (C:\ProgramData\cocos\editors\Creator\3.8.6\resources\app.asar\builtin\scene\dist\script\3d\manager\scripts.ccc:1:1955)Error: [Scene] Failed to load PropNameMap from defines.json: Error: Can not parse this input:{"path":"defines","__requestType__":"path","type":null,"bundle":"","preset":"default","priority":0}
    at Pipeline._flow (C:\ProgramData\cocos\editors\Creator\3.8.6\resources\resources\3d\engine\bin\.cache\dev\editor\bundled\index.js:115759:11)
    at Pipeline.async (C:\ProgramData\cocos\editors\Creator\3.8.6\resources\resources\3d\engine\bin\.cache\dev\editor\bundled\index.js:115755:16)
    at AssetManager.loadAny (C:\ProgramData\cocos\editors\Creator\3.8.6\resources\resources\3d\engine\bin\.cache\dev\editor\bundled\index.js:109614:20)
    at Bundle.load (C:\ProgramData\cocos\editors\Creator\3.8.6\resources\resources\3d\engine\bin\.cache\dev\editor\bundled\index.js:112965:33)
    at file:///D:/NinjaLoop/temp/programming/packer-driver/targets/editor/chunks/16/166317d2e13a969e8f0081247966eb962d781c51.js:25:23
    at new Promise (<anonymous>)
    at Function.readJson (file:///D:/NinjaLoop/temp/programming/packer-driver/targets/editor/chunks/16/166317d2e13a969e8f0081247966eb962d781c51.js:24:18)
    at Object.execute (file:///D:/NinjaLoop/temp/programming/packer-driver/targets/editor/chunks/bf/bf0116ac2ad134605a31291bef9fec1898bf5e60.js:51:43)
    at doExec (C:\ProgramData\cocos\editors\Creator\3.8.6\resources\app.asar\node_modules\@editor\lib-programming\static\executor\systemjs-bridge\out\index.js:517:30)
    at postOrderExec (C:\ProgramData\cocos\editors\Creator\3.8.6\resources\app.asar\node_modules\@editor\lib-programming\static\executor\systemjs-bridge\out\index.js:508:21)
    at C:\ProgramData\cocos\editors\Creator\3.8.6\resources\app.asar\node_modules\@editor\lib-programming\static\executor\systemjs-bridge\out\index.js:440:12
    at file:///D:/NinjaLoop/temp/programming/packer-driver/targets/editor/chunks/6d/6d8fd2b0177941b032ddc0733af48a561fb60657.js:13:13
    at Object.execute (file:///D:/NinjaLoop/temp/programming/packer-driver/targets/editor/chunks/6d/6d8fd2b0177941b032ddc0733af48a561fb60657.js:8:7)
    at Executor._importPrerequisiteModules (C:\ProgramData\cocos\editors\Creator\3.8.6\resources\app.asar\node_modules\@editor\lib-programming\src\executor\index.ts:358:13)
    at Executor.reload (C:\ProgramData\cocos\editors\Creator\3.8.6\resources\app.asar\node_modules\@editor\lib-programming\src\executor\index.ts:235:13)
    at C:\ProgramData\cocos\editors\Creator\3.8.6\resources\app.asar\builtin\scene\dist\script\3d\manager\scripts.ccc:1:1787
    at GlobalEnv.processQueue (C:\ProgramData\cocos\editors\Creator\3.8.6\resources\app.asar\builtin\scene\dist\script\3d\manager\scripts.ccc:1:2184)
    at GlobalEnv.record (C:\ProgramData\cocos\editors\Creator\3.8.6\resources\app.asar\builtin\scene\dist\script\3d\manager\scripts.ccc:1:1955)
    at Logger._logHandler (C:\ProgramData\cocos\editors\Creator\3.8.6\resources\app.asar\builtin\scene\dist\script\3d\manager\startup\log.ccc:1:487)
    at Logger.record (C:\ProgramData\cocos\editors\Creator\3.8.6\resources\app.asar\node_modules\@base\electron-logger\lib\renderer.ccc:1:458)
    at console.<anonymous> (C:\ProgramData\cocos\editors\Creator\3.8.6\resources\app.asar\node_modules\@base\electron-logger\lib\renderer.ccc:1:1414)
    at console.error (C:\ProgramData\cocos\editors\Creator\3.8.6\resources\app.asar\node_modules\@sentry\src\instrument\console.ts:40:20)
    at file:///D:/NinjaLoop/temp/programming/packer-driver/targets/editor/chunks/bf/bf0116ac2ad134605a31291bef9fec1898bf5e60.js:54:17
5-16-2025 21:09:37 - error: [Scene] Can not parse this input:{"path":"defines","__requestType__":"path","type":null,"bundle":"","preset":"default","priority":0}Error: Can not parse this input:{"path":"defines","__requestType__":"path","type":null,"bundle":"","preset":"default","priority":0}
    at parse (C:\ProgramData\cocos\editors\Creator\3.8.6\resources\resources\3d\engine\bin\.cache\dev\editor\bundled\index.js:117090:15)
    at Pipeline.sync (C:\ProgramData\cocos\editors\Creator\3.8.6\resources\resources\3d\engine\bin\.cache\dev\editor\bundled\index.js:115715:28)
    at preprocess (C:\ProgramData\cocos\editors\Creator\3.8.6\resources\resources\3d\engine\bin\.cache\dev\editor\bundled\index.js:115993:53)
    at Pipeline._flow (C:\ProgramData\cocos\editors\Creator\3.8.6\resources\resources\3d\engine\bin\.cache\dev\editor\bundled\index.js:115759:11)
    at Pipeline.async (C:\ProgramData\cocos\editors\Creator\3.8.6\resources\resources\3d\engine\bin\.cache\dev\editor\bundled\index.js:115755:16)
    at AssetManager.loadAny (C:\ProgramData\cocos\editors\Creator\3.8.6\resources\resources\3d\engine\bin\.cache\dev\editor\bundled\index.js:109614:20)
    at Bundle.load (C:\ProgramData\cocos\editors\Creator\3.8.6\resources\resources\3d\engine\bin\.cache\dev\editor\bundled\index.js:112965:33)
    at file:///D:/NinjaLoop/temp/programming/packer-driver/targets/editor/chunks/16/166317d2e13a969e8f0081247966eb962d781c51.js:25:23
    at new Promise (<anonymous>)
    at Function.readJson (file:///D:/NinjaLoop/temp/programming/packer-driver/targets/editor/chunks/16/166317d2e13a969e8f0081247966eb962d781c51.js:24:18)
    at Object.execute (file:///D:/NinjaLoop/temp/programming/packer-driver/targets/editor/chunks/bf/bf0116ac2ad134605a31291bef9fec1898bf5e60.js:51:43)
    at doExec (C:\ProgramData\cocos\editors\Creator\3.8.6\resources\app.asar\node_modules\@editor\lib-programming\static\executor\systemjs-bridge\out\index.js:517:30)
    at postOrderExec (C:\ProgramData\cocos\editors\Creator\3.8.6\resources\app.asar\node_modules\@editor\lib-programming\static\executor\systemjs-bridge\out\index.js:508:21)
    at C:\ProgramData\cocos\editors\Creator\3.8.6\resources\app.asar\node_modules\@editor\lib-programming\static\executor\systemjs-bridge\out\index.js:440:12
    at file:///D:/NinjaLoop/temp/programming/packer-driver/targets/editor/chunks/6d/6d8fd2b0177941b032ddc0733af48a561fb60657.js:13:13
    at Object.execute (file:///D:/NinjaLoop/temp/programming/packer-driver/targets/editor/chunks/6d/6d8fd2b0177941b032ddc0733af48a561fb60657.js:8:7)
    at Executor._importPrerequisiteModules (C:\ProgramData\cocos\editors\Creator\3.8.6\resources\app.asar\node_modules\@editor\lib-programming\src\executor\index.ts:358:13)
    at Executor.reload (C:\ProgramData\cocos\editors\Creator\3.8.6\resources\app.asar\node_modules\@editor\lib-programming\src\executor\index.ts:235:13)
    at C:\ProgramData\cocos\editors\Creator\3.8.6\resources\app.asar\builtin\scene\dist\script\3d\manager\scripts.ccc:1:1787
    at GlobalEnv.processQueue (C:\ProgramData\cocos\editors\Creator\3.8.6\resources\app.asar\builtin\scene\dist\script\3d\manager\scripts.ccc:1:2184)
    at GlobalEnv.record (C:\ProgramData\cocos\editors\Creator\3.8.6\resources\app.asar\builtin\scene\dist\script\3d\manager\scripts.ccc:1:1955)
5-16-2025 21:09:37 - error: [Scene] Failed to load PropNameMap from defines.json: Error: Can not parse this input:{"path":"defines","__requestType__":"path","type":null,"bundle":"","preset":"default","priority":0}
    at parse (C:\ProgramData\cocos\editors\Creator\3.8.6\resources\resources\3d\engine\bin\.cache\dev\editor\bundled\index.js:117090:15)
    at Pipeline.sync (C:\ProgramData\cocos\editors\Creator\3.8.6\resources\resources\3d\engine\bin\.cache\dev\editor\bundled\index.js:115715:28)
    at preprocess (C:\ProgramData\cocos\editors\Creator\3.8.6\resources\resources\3d\engine\bin\.cache\dev\editor\bundled\index.js:115993:53)
    at Pipeline._flow (C:\ProgramData\cocos\editors\Creator\3.8.6\resources\resources\3d\engine\bin\.cache\dev\editor\bundled\index.js:115759:11)
    at Pipeline.async (C:\ProgramData\cocos\editors\Creator\3.8.6\resources\resources\3d\engine\bin\.cache\dev\editor\bundled\index.js:115755:16)
    at AssetManager.loadAny (C:\ProgramData\cocos\editors\Creator\3.8.6\resources\resources\3d\engine\bin\.cache\dev\editor\bundled\index.js:109614:20)
    at Bundle.load (C:\ProgramData\cocos\editors\Creator\3.8.6\resources\resources\3d\engine\bin\.cache\dev\editor\bundled\index.js:112965:33)
    at file:///D:/NinjaLoop/temp/programming/packer-driver/targets/editor/chunks/16/166317d2e13a969e8f0081247966eb962d781c51.js:25:23
    at new Promise (<anonymous>)
    at Function.readJson (file:///D:/NinjaLoop/temp/programming/packer-driver/targets/editor/chunks/16/166317d2e13a969e8f0081247966eb962d781c51.js:24:18)
    at Object.execute (file:///D:/NinjaLoop/temp/programming/packer-driver/targets/editor/chunks/bf/bf0116ac2ad134605a31291bef9fec1898bf5e60.js:51:43)
    at doExec (C:\ProgramData\cocos\editors\Creator\3.8.6\resources\app.asar\node_modules\@editor\lib-programming\static\executor\systemjs-bridge\out\index.js:517:30)
    at postOrderExec (C:\ProgramData\cocos\editors\Creator\3.8.6\resources\app.asar\node_modules\@editor\lib-programming\static\executor\systemjs-bridge\out\index.js:508:21)
    at C:\ProgramData\cocos\editors\Creator\3.8.6\resources\app.asar\node_modules\@editor\lib-programming\static\executor\systemjs-bridge\out\index.js:440:12
    at file:///D:/NinjaLoop/temp/programming/packer-driver/targets/editor/chunks/6d/6d8fd2b0177941b032ddc0733af48a561fb60657.js:13:13
    at Object.execute (file:///D:/NinjaLoop/temp/programming/packer-driver/targets/editor/chunks/6d/6d8fd2b0177941b032ddc0733af48a561fb60657.js:8:7)
    at Executor._importPrerequisiteModules (C:\ProgramData\cocos\editors\Creator\3.8.6\resources\app.asar\node_modules\@editor\lib-programming\src\executor\index.ts:358:13)
    at Executor.reload (C:\ProgramData\cocos\editors\Creator\3.8.6\resources\app.asar\node_modules\@editor\lib-programming\src\executor\index.ts:235:13)
    at C:\ProgramData\cocos\editors\Creator\3.8.6\resources\app.asar\builtin\scene\dist\script\3d\manager\scripts.ccc:1:1787
    at GlobalEnv.processQueue (C:\ProgramData\cocos\editors\Creator\3.8.6\resources\app.asar\builtin\scene\dist\script\3d\manager\scripts.ccc:1:2184)
    at GlobalEnv.record (C:\ProgramData\cocos\editors\Creator\3.8.6\resources\app.asar\builtin\scene\dist\script\3d\manager\scripts.ccc:1:1955)Error: [Scene] Failed to load PropNameMap from defines.json: Error: Can not parse this input:{"path":"defines","__requestType__":"path","type":null,"bundle":"","preset":"default","priority":0}
    at Pipeline._flow (C:\ProgramData\cocos\editors\Creator\3.8.6\resources\resources\3d\engine\bin\.cache\dev\editor\bundled\index.js:115759:11)
    at Pipeline.async (C:\ProgramData\cocos\editors\Creator\3.8.6\resources\resources\3d\engine\bin\.cache\dev\editor\bundled\index.js:115755:16)
    at AssetManager.loadAny (C:\ProgramData\cocos\editors\Creator\3.8.6\resources\resources\3d\engine\bin\.cache\dev\editor\bundled\index.js:109614:20)
    at Bundle.load (C:\ProgramData\cocos\editors\Creator\3.8.6\resources\resources\3d\engine\bin\.cache\dev\editor\bundled\index.js:112965:33)
    at file:///D:/NinjaLoop/temp/programming/packer-driver/targets/editor/chunks/16/166317d2e13a969e8f0081247966eb962d781c51.js:25:23
    at new Promise (<anonymous>)
    at Function.readJson (file:///D:/NinjaLoop/temp/programming/packer-driver/targets/editor/chunks/16/166317d2e13a969e8f0081247966eb962d781c51.js:24:18)
    at Object.execute (file:///D:/NinjaLoop/temp/programming/packer-driver/targets/editor/chunks/bf/bf0116ac2ad134605a31291bef9fec1898bf5e60.js:51:43)
    at doExec (C:\ProgramData\cocos\editors\Creator\3.8.6\resources\app.asar\node_modules\@editor\lib-programming\static\executor\systemjs-bridge\out\index.js:517:30)
    at postOrderExec (C:\ProgramData\cocos\editors\Creator\3.8.6\resources\app.asar\node_modules\@editor\lib-programming\static\executor\systemjs-bridge\out\index.js:508:21)
    at C:\ProgramData\cocos\editors\Creator\3.8.6\resources\app.asar\node_modules\@editor\lib-programming\static\executor\systemjs-bridge\out\index.js:440:12
    at file:///D:/NinjaLoop/temp/programming/packer-driver/targets/editor/chunks/6d/6d8fd2b0177941b032ddc0733af48a561fb60657.js:13:13
    at Object.execute (file:///D:/NinjaLoop/temp/programming/packer-driver/targets/editor/chunks/6d/6d8fd2b0177941b032ddc0733af48a561fb60657.js:8:7)
    at Executor._importPrerequisiteModules (C:\ProgramData\cocos\editors\Creator\3.8.6\resources\app.asar\node_modules\@editor\lib-programming\src\executor\index.ts:358:13)
    at Executor.reload (C:\ProgramData\cocos\editors\Creator\3.8.6\resources\app.asar\node_modules\@editor\lib-programming\src\executor\index.ts:235:13)
    at C:\ProgramData\cocos\editors\Creator\3.8.6\resources\app.asar\builtin\scene\dist\script\3d\manager\scripts.ccc:1:1787
    at GlobalEnv.processQueue (C:\ProgramData\cocos\editors\Creator\3.8.6\resources\app.asar\builtin\scene\dist\script\3d\manager\scripts.ccc:1:2184)
    at GlobalEnv.record (C:\ProgramData\cocos\editors\Creator\3.8.6\resources\app.asar\builtin\scene\dist\script\3d\manager\scripts.ccc:1:1955)
    at Logger._logHandler (C:\ProgramData\cocos\editors\Creator\3.8.6\resources\app.asar\builtin\scene\dist\script\3d\manager\startup\log.ccc:1:487)
    at Logger.record (C:\ProgramData\cocos\editors\Creator\3.8.6\resources\app.asar\node_modules\@base\electron-logger\lib\renderer.ccc:1:458)
    at console.<anonymous> (C:\ProgramData\cocos\editors\Creator\3.8.6\resources\app.asar\node_modules\@base\electron-logger\lib\renderer.ccc:1:1414)
    at console.error (C:\ProgramData\cocos\editors\Creator\3.8.6\resources\app.asar\node_modules\@sentry\src\instrument\console.ts:40:20)
    at file:///D:/NinjaLoop/temp/programming/packer-driver/targets/editor/chunks/bf/bf0116ac2ad134605a31291bef9fec1898bf5e60.js:54:17
5-19-2025 21:22:54 - error: [Scene] Can not parse this input:{"path":"defines","__requestType__":"path","type":null,"bundle":"","preset":"default","priority":0}Error: Can not parse this input:{"path":"defines","__requestType__":"path","type":null,"bundle":"","preset":"default","priority":0}
    at parse (C:\ProgramData\cocos\editors\Creator\3.8.6\resources\resources\3d\engine\bin\.cache\dev\editor\bundled\index.js:117090:15)
    at Pipeline.sync (C:\ProgramData\cocos\editors\Creator\3.8.6\resources\resources\3d\engine\bin\.cache\dev\editor\bundled\index.js:115715:28)
    at preprocess (C:\ProgramData\cocos\editors\Creator\3.8.6\resources\resources\3d\engine\bin\.cache\dev\editor\bundled\index.js:115993:53)
    at Pipeline._flow (C:\ProgramData\cocos\editors\Creator\3.8.6\resources\resources\3d\engine\bin\.cache\dev\editor\bundled\index.js:115759:11)
    at Pipeline.async (C:\ProgramData\cocos\editors\Creator\3.8.6\resources\resources\3d\engine\bin\.cache\dev\editor\bundled\index.js:115755:16)
    at AssetManager.loadAny (C:\ProgramData\cocos\editors\Creator\3.8.6\resources\resources\3d\engine\bin\.cache\dev\editor\bundled\index.js:109614:20)
    at Bundle.load (C:\ProgramData\cocos\editors\Creator\3.8.6\resources\resources\3d\engine\bin\.cache\dev\editor\bundled\index.js:112965:33)
    at file:///D:/NinjaLoop/temp/programming/packer-driver/targets/editor/chunks/16/166317d2e13a969e8f0081247966eb962d781c51.js:25:23
    at new Promise (<anonymous>)
    at Function.readJson (file:///D:/NinjaLoop/temp/programming/packer-driver/targets/editor/chunks/16/166317d2e13a969e8f0081247966eb962d781c51.js:24:18)
    at Object.execute (file:///D:/NinjaLoop/temp/programming/packer-driver/targets/editor/chunks/bf/bf0116ac2ad134605a31291bef9fec1898bf5e60.js:51:43)
    at doExec (C:\ProgramData\cocos\editors\Creator\3.8.6\resources\app.asar\node_modules\@editor\lib-programming\static\executor\systemjs-bridge\out\index.js:517:30)
    at postOrderExec (C:\ProgramData\cocos\editors\Creator\3.8.6\resources\app.asar\node_modules\@editor\lib-programming\static\executor\systemjs-bridge\out\index.js:508:21)
    at C:\ProgramData\cocos\editors\Creator\3.8.6\resources\app.asar\node_modules\@editor\lib-programming\static\executor\systemjs-bridge\out\index.js:440:12
    at file:///D:/NinjaLoop/temp/programming/packer-driver/targets/editor/chunks/6d/6d8fd2b0177941b032ddc0733af48a561fb60657.js:13:13
    at Object.execute (file:///D:/NinjaLoop/temp/programming/packer-driver/targets/editor/chunks/6d/6d8fd2b0177941b032ddc0733af48a561fb60657.js:8:7)
    at Executor._importPrerequisiteModules (C:\ProgramData\cocos\editors\Creator\3.8.6\resources\app.asar\node_modules\@editor\lib-programming\src\executor\index.ts:358:13)
    at Executor.reload (C:\ProgramData\cocos\editors\Creator\3.8.6\resources\app.asar\node_modules\@editor\lib-programming\src\executor\index.ts:235:13)
    at C:\ProgramData\cocos\editors\Creator\3.8.6\resources\app.asar\builtin\scene\dist\script\3d\manager\scripts.ccc:1:1787
    at GlobalEnv.processQueue (C:\ProgramData\cocos\editors\Creator\3.8.6\resources\app.asar\builtin\scene\dist\script\3d\manager\scripts.ccc:1:2184)
    at GlobalEnv.record (C:\ProgramData\cocos\editors\Creator\3.8.6\resources\app.asar\builtin\scene\dist\script\3d\manager\scripts.ccc:1:1955)
5-19-2025 21:22:54 - error: [Scene] Failed to load PropNameMap from defines.json: Error: Can not parse this input:{"path":"defines","__requestType__":"path","type":null,"bundle":"","preset":"default","priority":0}
    at parse (C:\ProgramData\cocos\editors\Creator\3.8.6\resources\resources\3d\engine\bin\.cache\dev\editor\bundled\index.js:117090:15)
    at Pipeline.sync (C:\ProgramData\cocos\editors\Creator\3.8.6\resources\resources\3d\engine\bin\.cache\dev\editor\bundled\index.js:115715:28)
    at preprocess (C:\ProgramData\cocos\editors\Creator\3.8.6\resources\resources\3d\engine\bin\.cache\dev\editor\bundled\index.js:115993:53)
    at Pipeline._flow (C:\ProgramData\cocos\editors\Creator\3.8.6\resources\resources\3d\engine\bin\.cache\dev\editor\bundled\index.js:115759:11)
    at Pipeline.async (C:\ProgramData\cocos\editors\Creator\3.8.6\resources\resources\3d\engine\bin\.cache\dev\editor\bundled\index.js:115755:16)
    at AssetManager.loadAny (C:\ProgramData\cocos\editors\Creator\3.8.6\resources\resources\3d\engine\bin\.cache\dev\editor\bundled\index.js:109614:20)
    at Bundle.load (C:\ProgramData\cocos\editors\Creator\3.8.6\resources\resources\3d\engine\bin\.cache\dev\editor\bundled\index.js:112965:33)
    at file:///D:/NinjaLoop/temp/programming/packer-driver/targets/editor/chunks/16/166317d2e13a969e8f0081247966eb962d781c51.js:25:23
    at new Promise (<anonymous>)
    at Function.readJson (file:///D:/NinjaLoop/temp/programming/packer-driver/targets/editor/chunks/16/166317d2e13a969e8f0081247966eb962d781c51.js:24:18)
    at Object.execute (file:///D:/NinjaLoop/temp/programming/packer-driver/targets/editor/chunks/bf/bf0116ac2ad134605a31291bef9fec1898bf5e60.js:51:43)
    at doExec (C:\ProgramData\cocos\editors\Creator\3.8.6\resources\app.asar\node_modules\@editor\lib-programming\static\executor\systemjs-bridge\out\index.js:517:30)
    at postOrderExec (C:\ProgramData\cocos\editors\Creator\3.8.6\resources\app.asar\node_modules\@editor\lib-programming\static\executor\systemjs-bridge\out\index.js:508:21)
    at C:\ProgramData\cocos\editors\Creator\3.8.6\resources\app.asar\node_modules\@editor\lib-programming\static\executor\systemjs-bridge\out\index.js:440:12
    at file:///D:/NinjaLoop/temp/programming/packer-driver/targets/editor/chunks/6d/6d8fd2b0177941b032ddc0733af48a561fb60657.js:13:13
    at Object.execute (file:///D:/NinjaLoop/temp/programming/packer-driver/targets/editor/chunks/6d/6d8fd2b0177941b032ddc0733af48a561fb60657.js:8:7)
    at Executor._importPrerequisiteModules (C:\ProgramData\cocos\editors\Creator\3.8.6\resources\app.asar\node_modules\@editor\lib-programming\src\executor\index.ts:358:13)
    at Executor.reload (C:\ProgramData\cocos\editors\Creator\3.8.6\resources\app.asar\node_modules\@editor\lib-programming\src\executor\index.ts:235:13)
    at C:\ProgramData\cocos\editors\Creator\3.8.6\resources\app.asar\builtin\scene\dist\script\3d\manager\scripts.ccc:1:1787
    at GlobalEnv.processQueue (C:\ProgramData\cocos\editors\Creator\3.8.6\resources\app.asar\builtin\scene\dist\script\3d\manager\scripts.ccc:1:2184)
    at GlobalEnv.record (C:\ProgramData\cocos\editors\Creator\3.8.6\resources\app.asar\builtin\scene\dist\script\3d\manager\scripts.ccc:1:1955)Error: [Scene] Failed to load PropNameMap from defines.json: Error: Can not parse this input:{"path":"defines","__requestType__":"path","type":null,"bundle":"","preset":"default","priority":0}
    at Pipeline._flow (C:\ProgramData\cocos\editors\Creator\3.8.6\resources\resources\3d\engine\bin\.cache\dev\editor\bundled\index.js:115759:11)
    at Pipeline.async (C:\ProgramData\cocos\editors\Creator\3.8.6\resources\resources\3d\engine\bin\.cache\dev\editor\bundled\index.js:115755:16)
    at AssetManager.loadAny (C:\ProgramData\cocos\editors\Creator\3.8.6\resources\resources\3d\engine\bin\.cache\dev\editor\bundled\index.js:109614:20)
    at Bundle.load (C:\ProgramData\cocos\editors\Creator\3.8.6\resources\resources\3d\engine\bin\.cache\dev\editor\bundled\index.js:112965:33)
    at file:///D:/NinjaLoop/temp/programming/packer-driver/targets/editor/chunks/16/166317d2e13a969e8f0081247966eb962d781c51.js:25:23
    at new Promise (<anonymous>)
    at Function.readJson (file:///D:/NinjaLoop/temp/programming/packer-driver/targets/editor/chunks/16/166317d2e13a969e8f0081247966eb962d781c51.js:24:18)
    at Object.execute (file:///D:/NinjaLoop/temp/programming/packer-driver/targets/editor/chunks/bf/bf0116ac2ad134605a31291bef9fec1898bf5e60.js:51:43)
    at doExec (C:\ProgramData\cocos\editors\Creator\3.8.6\resources\app.asar\node_modules\@editor\lib-programming\static\executor\systemjs-bridge\out\index.js:517:30)
    at postOrderExec (C:\ProgramData\cocos\editors\Creator\3.8.6\resources\app.asar\node_modules\@editor\lib-programming\static\executor\systemjs-bridge\out\index.js:508:21)
    at C:\ProgramData\cocos\editors\Creator\3.8.6\resources\app.asar\node_modules\@editor\lib-programming\static\executor\systemjs-bridge\out\index.js:440:12
    at file:///D:/NinjaLoop/temp/programming/packer-driver/targets/editor/chunks/6d/6d8fd2b0177941b032ddc0733af48a561fb60657.js:13:13
    at Object.execute (file:///D:/NinjaLoop/temp/programming/packer-driver/targets/editor/chunks/6d/6d8fd2b0177941b032ddc0733af48a561fb60657.js:8:7)
    at Executor._importPrerequisiteModules (C:\ProgramData\cocos\editors\Creator\3.8.6\resources\app.asar\node_modules\@editor\lib-programming\src\executor\index.ts:358:13)
    at Executor.reload (C:\ProgramData\cocos\editors\Creator\3.8.6\resources\app.asar\node_modules\@editor\lib-programming\src\executor\index.ts:235:13)
    at C:\ProgramData\cocos\editors\Creator\3.8.6\resources\app.asar\builtin\scene\dist\script\3d\manager\scripts.ccc:1:1787
    at GlobalEnv.processQueue (C:\ProgramData\cocos\editors\Creator\3.8.6\resources\app.asar\builtin\scene\dist\script\3d\manager\scripts.ccc:1:2184)
    at GlobalEnv.record (C:\ProgramData\cocos\editors\Creator\3.8.6\resources\app.asar\builtin\scene\dist\script\3d\manager\scripts.ccc:1:1955)
    at Logger._logHandler (C:\ProgramData\cocos\editors\Creator\3.8.6\resources\app.asar\builtin\scene\dist\script\3d\manager\startup\log.ccc:1:487)
    at Logger.record (C:\ProgramData\cocos\editors\Creator\3.8.6\resources\app.asar\node_modules\@base\electron-logger\lib\renderer.ccc:1:458)
    at console.<anonymous> (C:\ProgramData\cocos\editors\Creator\3.8.6\resources\app.asar\node_modules\@base\electron-logger\lib\renderer.ccc:1:1414)
    at console.error (C:\ProgramData\cocos\editors\Creator\3.8.6\resources\app.asar\node_modules\@sentry\src\instrument\console.ts:40:20)
    at file:///D:/NinjaLoop/temp/programming/packer-driver/targets/editor/chunks/bf/bf0116ac2ad134605a31291bef9fec1898bf5e60.js:54:17
5-19-2025 21:53:27 - error: [Scene] Can not parse this input:{"path":"defines","__requestType__":"path","type":null,"bundle":"","preset":"default","priority":0}Error: Can not parse this input:{"path":"defines","__requestType__":"path","type":null,"bundle":"","preset":"default","priority":0}
    at parse (C:\ProgramData\cocos\editors\Creator\3.8.6\resources\resources\3d\engine\bin\.cache\dev\editor\bundled\index.js:117090:15)
    at Pipeline.sync (C:\ProgramData\cocos\editors\Creator\3.8.6\resources\resources\3d\engine\bin\.cache\dev\editor\bundled\index.js:115715:28)
    at preprocess (C:\ProgramData\cocos\editors\Creator\3.8.6\resources\resources\3d\engine\bin\.cache\dev\editor\bundled\index.js:115993:53)
    at Pipeline._flow (C:\ProgramData\cocos\editors\Creator\3.8.6\resources\resources\3d\engine\bin\.cache\dev\editor\bundled\index.js:115759:11)
    at Pipeline.async (C:\ProgramData\cocos\editors\Creator\3.8.6\resources\resources\3d\engine\bin\.cache\dev\editor\bundled\index.js:115755:16)
    at AssetManager.loadAny (C:\ProgramData\cocos\editors\Creator\3.8.6\resources\resources\3d\engine\bin\.cache\dev\editor\bundled\index.js:109614:20)
    at Bundle.load (C:\ProgramData\cocos\editors\Creator\3.8.6\resources\resources\3d\engine\bin\.cache\dev\editor\bundled\index.js:112965:33)
    at file:///D:/NinjaLoop/temp/programming/packer-driver/targets/editor/chunks/16/166317d2e13a969e8f0081247966eb962d781c51.js:25:23
    at new Promise (<anonymous>)
    at Function.readJson (file:///D:/NinjaLoop/temp/programming/packer-driver/targets/editor/chunks/16/166317d2e13a969e8f0081247966eb962d781c51.js:24:18)
    at Object.execute (file:///D:/NinjaLoop/temp/programming/packer-driver/targets/editor/chunks/bf/bf0116ac2ad134605a31291bef9fec1898bf5e60.js:51:43)
    at doExec (C:\ProgramData\cocos\editors\Creator\3.8.6\resources\app.asar\node_modules\@editor\lib-programming\static\executor\systemjs-bridge\out\index.js:517:30)
    at postOrderExec (C:\ProgramData\cocos\editors\Creator\3.8.6\resources\app.asar\node_modules\@editor\lib-programming\static\executor\systemjs-bridge\out\index.js:508:21)
    at C:\ProgramData\cocos\editors\Creator\3.8.6\resources\app.asar\node_modules\@editor\lib-programming\static\executor\systemjs-bridge\out\index.js:440:12
    at file:///D:/NinjaLoop/temp/programming/packer-driver/targets/editor/chunks/6d/6d8fd2b0177941b032ddc0733af48a561fb60657.js:13:13
    at Object.execute (file:///D:/NinjaLoop/temp/programming/packer-driver/targets/editor/chunks/6d/6d8fd2b0177941b032ddc0733af48a561fb60657.js:8:7)
    at Executor._importPrerequisiteModules (C:\ProgramData\cocos\editors\Creator\3.8.6\resources\app.asar\node_modules\@editor\lib-programming\src\executor\index.ts:358:13)
    at Executor.reload (C:\ProgramData\cocos\editors\Creator\3.8.6\resources\app.asar\node_modules\@editor\lib-programming\src\executor\index.ts:235:13)
    at C:\ProgramData\cocos\editors\Creator\3.8.6\resources\app.asar\builtin\scene\dist\script\3d\manager\scripts.ccc:1:1787
    at GlobalEnv.processQueue (C:\ProgramData\cocos\editors\Creator\3.8.6\resources\app.asar\builtin\scene\dist\script\3d\manager\scripts.ccc:1:2184)
    at GlobalEnv.record (C:\ProgramData\cocos\editors\Creator\3.8.6\resources\app.asar\builtin\scene\dist\script\3d\manager\scripts.ccc:1:1955)
5-19-2025 21:53:27 - error: [Scene] Failed to load PropNameMap from defines.json: Error: Can not parse this input:{"path":"defines","__requestType__":"path","type":null,"bundle":"","preset":"default","priority":0}
    at parse (C:\ProgramData\cocos\editors\Creator\3.8.6\resources\resources\3d\engine\bin\.cache\dev\editor\bundled\index.js:117090:15)
    at Pipeline.sync (C:\ProgramData\cocos\editors\Creator\3.8.6\resources\resources\3d\engine\bin\.cache\dev\editor\bundled\index.js:115715:28)
    at preprocess (C:\ProgramData\cocos\editors\Creator\3.8.6\resources\resources\3d\engine\bin\.cache\dev\editor\bundled\index.js:115993:53)
    at Pipeline._flow (C:\ProgramData\cocos\editors\Creator\3.8.6\resources\resources\3d\engine\bin\.cache\dev\editor\bundled\index.js:115759:11)
    at Pipeline.async (C:\ProgramData\cocos\editors\Creator\3.8.6\resources\resources\3d\engine\bin\.cache\dev\editor\bundled\index.js:115755:16)
    at AssetManager.loadAny (C:\ProgramData\cocos\editors\Creator\3.8.6\resources\resources\3d\engine\bin\.cache\dev\editor\bundled\index.js:109614:20)
    at Bundle.load (C:\ProgramData\cocos\editors\Creator\3.8.6\resources\resources\3d\engine\bin\.cache\dev\editor\bundled\index.js:112965:33)
    at file:///D:/NinjaLoop/temp/programming/packer-driver/targets/editor/chunks/16/166317d2e13a969e8f0081247966eb962d781c51.js:25:23
    at new Promise (<anonymous>)
    at Function.readJson (file:///D:/NinjaLoop/temp/programming/packer-driver/targets/editor/chunks/16/166317d2e13a969e8f0081247966eb962d781c51.js:24:18)
    at Object.execute (file:///D:/NinjaLoop/temp/programming/packer-driver/targets/editor/chunks/bf/bf0116ac2ad134605a31291bef9fec1898bf5e60.js:51:43)
    at doExec (C:\ProgramData\cocos\editors\Creator\3.8.6\resources\app.asar\node_modules\@editor\lib-programming\static\executor\systemjs-bridge\out\index.js:517:30)
    at postOrderExec (C:\ProgramData\cocos\editors\Creator\3.8.6\resources\app.asar\node_modules\@editor\lib-programming\static\executor\systemjs-bridge\out\index.js:508:21)
    at C:\ProgramData\cocos\editors\Creator\3.8.6\resources\app.asar\node_modules\@editor\lib-programming\static\executor\systemjs-bridge\out\index.js:440:12
    at file:///D:/NinjaLoop/temp/programming/packer-driver/targets/editor/chunks/6d/6d8fd2b0177941b032ddc0733af48a561fb60657.js:13:13
    at Object.execute (file:///D:/NinjaLoop/temp/programming/packer-driver/targets/editor/chunks/6d/6d8fd2b0177941b032ddc0733af48a561fb60657.js:8:7)
    at Executor._importPrerequisiteModules (C:\ProgramData\cocos\editors\Creator\3.8.6\resources\app.asar\node_modules\@editor\lib-programming\src\executor\index.ts:358:13)
    at Executor.reload (C:\ProgramData\cocos\editors\Creator\3.8.6\resources\app.asar\node_modules\@editor\lib-programming\src\executor\index.ts:235:13)
    at C:\ProgramData\cocos\editors\Creator\3.8.6\resources\app.asar\builtin\scene\dist\script\3d\manager\scripts.ccc:1:1787
    at GlobalEnv.processQueue (C:\ProgramData\cocos\editors\Creator\3.8.6\resources\app.asar\builtin\scene\dist\script\3d\manager\scripts.ccc:1:2184)
    at GlobalEnv.record (C:\ProgramData\cocos\editors\Creator\3.8.6\resources\app.asar\builtin\scene\dist\script\3d\manager\scripts.ccc:1:1955)Error: [Scene] Failed to load PropNameMap from defines.json: Error: Can not parse this input:{"path":"defines","__requestType__":"path","type":null,"bundle":"","preset":"default","priority":0}
    at Pipeline._flow (C:\ProgramData\cocos\editors\Creator\3.8.6\resources\resources\3d\engine\bin\.cache\dev\editor\bundled\index.js:115759:11)
    at Pipeline.async (C:\ProgramData\cocos\editors\Creator\3.8.6\resources\resources\3d\engine\bin\.cache\dev\editor\bundled\index.js:115755:16)
    at AssetManager.loadAny (C:\ProgramData\cocos\editors\Creator\3.8.6\resources\resources\3d\engine\bin\.cache\dev\editor\bundled\index.js:109614:20)
    at Bundle.load (C:\ProgramData\cocos\editors\Creator\3.8.6\resources\resources\3d\engine\bin\.cache\dev\editor\bundled\index.js:112965:33)
    at file:///D:/NinjaLoop/temp/programming/packer-driver/targets/editor/chunks/16/166317d2e13a969e8f0081247966eb962d781c51.js:25:23
    at new Promise (<anonymous>)
    at Function.readJson (file:///D:/NinjaLoop/temp/programming/packer-driver/targets/editor/chunks/16/166317d2e13a969e8f0081247966eb962d781c51.js:24:18)
    at Object.execute (file:///D:/NinjaLoop/temp/programming/packer-driver/targets/editor/chunks/bf/bf0116ac2ad134605a31291bef9fec1898bf5e60.js:51:43)
    at doExec (C:\ProgramData\cocos\editors\Creator\3.8.6\resources\app.asar\node_modules\@editor\lib-programming\static\executor\systemjs-bridge\out\index.js:517:30)
    at postOrderExec (C:\ProgramData\cocos\editors\Creator\3.8.6\resources\app.asar\node_modules\@editor\lib-programming\static\executor\systemjs-bridge\out\index.js:508:21)
    at C:\ProgramData\cocos\editors\Creator\3.8.6\resources\app.asar\node_modules\@editor\lib-programming\static\executor\systemjs-bridge\out\index.js:440:12
    at file:///D:/NinjaLoop/temp/programming/packer-driver/targets/editor/chunks/6d/6d8fd2b0177941b032ddc0733af48a561fb60657.js:13:13
    at Object.execute (file:///D:/NinjaLoop/temp/programming/packer-driver/targets/editor/chunks/6d/6d8fd2b0177941b032ddc0733af48a561fb60657.js:8:7)
    at Executor._importPrerequisiteModules (C:\ProgramData\cocos\editors\Creator\3.8.6\resources\app.asar\node_modules\@editor\lib-programming\src\executor\index.ts:358:13)
    at Executor.reload (C:\ProgramData\cocos\editors\Creator\3.8.6\resources\app.asar\node_modules\@editor\lib-programming\src\executor\index.ts:235:13)
    at C:\ProgramData\cocos\editors\Creator\3.8.6\resources\app.asar\builtin\scene\dist\script\3d\manager\scripts.ccc:1:1787
    at GlobalEnv.processQueue (C:\ProgramData\cocos\editors\Creator\3.8.6\resources\app.asar\builtin\scene\dist\script\3d\manager\scripts.ccc:1:2184)
    at GlobalEnv.record (C:\ProgramData\cocos\editors\Creator\3.8.6\resources\app.asar\builtin\scene\dist\script\3d\manager\scripts.ccc:1:1955)
    at Logger._logHandler (C:\ProgramData\cocos\editors\Creator\3.8.6\resources\app.asar\builtin\scene\dist\script\3d\manager\startup\log.ccc:1:487)
    at Logger.record (C:\ProgramData\cocos\editors\Creator\3.8.6\resources\app.asar\node_modules\@base\electron-logger\lib\renderer.ccc:1:458)
    at console.<anonymous> (C:\ProgramData\cocos\editors\Creator\3.8.6\resources\app.asar\node_modules\@base\electron-logger\lib\renderer.ccc:1:1414)
    at console.error (C:\ProgramData\cocos\editors\Creator\3.8.6\resources\app.asar\node_modules\@sentry\src\instrument\console.ts:40:20)
    at file:///D:/NinjaLoop/temp/programming/packer-driver/targets/editor/chunks/bf/bf0116ac2ad134605a31291bef9fec1898bf5e60.js:54:17
