19:25:03.920 debug: 4/30/2025, 7:25:03 PM
19:25:03.921 debug: Project: D:\NinjaLoop
19:25:03.921 debug: Targets: editor,preview
19:25:03.935 debug: Incremental file seems great.
19:25:03.936 debug: Engine path: C:\ProgramData\cocos\editors\Creator\3.8.6\resources\resources\3d\engine
19:25:03.950 debug: Initializing target [Editor]
19:25:03.951 debug: Loading cache
19:25:03.953 debug: Loading cache costs 2.5671000000002095ms.
19:25:03.954 debug: Engine features shipped in editor: base,gfx-webgl,gfx-webgl2,gfx-empty,gfx-webgpu,3d,animation,skeletal-animation,2d,rich-text,mask,graphics,ui-skew,ui,affine-transform,particle,particle-2d,physics-framework,physics-cannon,physics-physx,physics-ammo,physics-builtin,physics-2d-framework,physics-2d-box2d-jsb,physics-2d-box2d,physics-2d-builtin,physics-2d-box2d-wasm,intersection-2d,primitive,profiler,occlusion-query,geometry-renderer,debug-renderer,audio,video,xr,light-probe,terrain,webview,tween,tiled-map,vendor-google,spine-3.8,spine-4.2,dragon-bones,marionette,procedural-animation,custom-pipeline,custom-pipeline-builtin-scripts,custom-pipeline-post-process,legacy-pipeline,websocket,websocket-server,meshopt
19:25:03.954 debug: Our import map(foo:/bar): {
  "imports": {
    "cc": "cce:/internal/x/cc"
  }
}
19:25:03.954 debug: Initializing target [Preview]
19:25:03.954 debug: Loading cache
19:25:03.958 debug: Loading cache costs 3.1854999999995925ms.
19:25:03.958 debug: Our import map(foo:/bar): {
  "imports": {
    "cc": "cce:/internal/x/cc"
  }
}
