5-14-2025 16:35:20-debug: start **** info
5-14-2025 16:35:21-log: Cannot access game frame or container.
5-14-2025 16:35:21-debug: asset-db:require-engine-code (1144ms)
5-14-2025 16:35:22-log: meshopt wasm decoder initialized
5-14-2025 16:35:22-log: [bullet]:bullet wasm lib loaded.
5-14-2025 16:35:22-log: [box2d]:box2d wasm lib loaded.
5-14-2025 16:35:22-log: Cocos Creator v3.8.6
5-14-2025 16:35:22-log: Using legacy pipeline
5-14-2025 16:35:22-log: Forward render pipeline initialized.
5-14-2025 16:35:22-debug: [Assets Memory track]: asset-db-plugin-register: programming start:81.25MB, end 84.52MB, increase: 3.26MB
5-14-2025 16:35:24-debug: [Assets Memory track]: asset-db-plugin-register: project start:81.10MB, end 271.65MB, increase: 190.55MB
5-14-2025 16:35:24-debug: [Assets Memory track]: asset-db:worker-init: initPlugin start:80.40MB, end 271.68MB, increase: 191.28MB
5-14-2025 16:35:24-debug: [Assets Memory track]: asset-db-plugin-register: builder start:84.55MB, end 270.42MB, increase: 185.88MB
5-14-2025 16:35:22-debug: [Assets Memory track]: asset-db:worker-init: initEngine start:31.49MB, end 80.38MB, increase: 48.90MB
5-14-2025 16:35:24-debug: asset-db:worker-init: initPlugin (2166ms)
5-14-2025 16:35:24-debug: Run asset db hook programming:beforePreStart ...
5-14-2025 16:35:24-debug: [Assets Memory track]: asset-db:worker-init start:31.48MB, end 271.78MB, increase: 240.31MB
5-14-2025 16:35:24-debug: Run asset db hook engine-extends:beforePreStart success!
5-14-2025 16:35:24-debug: Run asset db hook engine-extends:beforePreStart ...
5-14-2025 16:35:24-debug: Run asset db hook programming:beforePreStart success!
5-14-2025 16:35:28-debug: asset-db:worker-init (7902ms)
5-14-2025 16:35:28-debug: asset-db-hook-programming-beforePreStart (4080ms)
5-14-2025 16:35:28-debug: asset-db-hook-engine-extends-beforePreStart (4080ms)
5-14-2025 16:35:30-debug: Preimport db internal success
5-14-2025 16:35:30-debug: Preimport db assets success
5-14-2025 16:35:30-debug: Run asset db hook programming:afterPreStart ...
5-14-2025 16:35:30-debug: starting packer-driver...
5-14-2025 16:35:30-debug: initialize scripting environment...
5-14-2025 16:35:30-debug: [[Executor]] prepare before lock
5-14-2025 16:35:30-debug: Set detail map pack:///resolution-detail-map.json: {}
5-14-2025 16:35:30-debug: [[Executor]] prepare after unlock
5-14-2025 16:35:30-debug: Run asset db hook engine-extends:afterPreStart ...
5-14-2025 16:35:30-debug: Run asset db hook engine-extends:afterPreStart success!
5-14-2025 16:35:30-debug: Start up the 'internal' database...
5-14-2025 16:35:30-debug: Run asset db hook programming:afterPreStart success!
5-14-2025 16:35:33-debug: asset-db-hook-programming-afterPreStart (2646ms)
5-14-2025 16:35:33-debug: asset-db:worker-effect-data-processing (2166ms)
5-14-2025 16:35:33-debug: asset-db-hook-engine-extends-afterPreStart (2167ms)
5-14-2025 16:35:33-debug: Start up the 'assets' database...
5-14-2025 16:35:33-debug: asset-db:worker-startup-database[internal] (8705ms)
5-14-2025 16:35:33-debug: %cImport%c: D:\NinjaLoop\assets\resources\achievement.jsonbackground: #aaff85; color: #000;color: #000;
5-14-2025 16:35:33-debug: [Assets Memory track]: asset-db:worker-startup-database[assets] start:174.42MB, end 190.12MB, increase: 15.71MB
5-14-2025 16:35:33-debug: [Assets Memory track]: asset-db:worker-init: startup start:176.03MB, end 190.14MB, increase: 14.10MB
5-14-2025 16:35:33-debug: lazy register asset handler directory
5-14-2025 16:35:33-debug: lazy register asset handler *
5-14-2025 16:35:33-debug: lazy register asset handler text
5-14-2025 16:35:33-debug: lazy register asset handler json
5-14-2025 16:35:33-debug: lazy register asset handler spine-data
5-14-2025 16:35:33-debug: lazy register asset handler dragonbones
5-14-2025 16:35:33-debug: lazy register asset handler dragonbones-atlas
5-14-2025 16:35:33-debug: lazy register asset handler terrain
5-14-2025 16:35:33-debug: lazy register asset handler javascript
5-14-2025 16:35:33-debug: lazy register asset handler typescript
5-14-2025 16:35:33-debug: lazy register asset handler prefab
5-14-2025 16:35:33-debug: lazy register asset handler sprite-frame
5-14-2025 16:35:33-debug: lazy register asset handler scene
5-14-2025 16:35:33-debug: lazy register asset handler tiled-map
5-14-2025 16:35:33-debug: lazy register asset handler buffer
5-14-2025 16:35:33-debug: lazy register asset handler image
5-14-2025 16:35:33-debug: lazy register asset handler sign-image
5-14-2025 16:35:33-debug: lazy register asset handler alpha-image
5-14-2025 16:35:33-debug: lazy register asset handler texture
5-14-2025 16:35:33-debug: lazy register asset handler texture-cube
5-14-2025 16:35:33-debug: lazy register asset handler erp-texture-cube
5-14-2025 16:35:33-debug: lazy register asset handler texture-cube-face
5-14-2025 16:35:33-debug: lazy register asset handler gltf
5-14-2025 16:35:33-debug: lazy register asset handler render-texture
5-14-2025 16:35:33-debug: lazy register asset handler rt-sprite-frame
5-14-2025 16:35:33-debug: lazy register asset handler gltf-mesh
5-14-2025 16:35:33-debug: lazy register asset handler gltf-animation
5-14-2025 16:35:33-debug: lazy register asset handler gltf-skeleton
5-14-2025 16:35:33-debug: lazy register asset handler gltf-material
5-14-2025 16:35:33-debug: lazy register asset handler gltf-embeded-image
5-14-2025 16:35:33-debug: lazy register asset handler gltf-scene
5-14-2025 16:35:33-debug: lazy register asset handler fbx
5-14-2025 16:35:33-debug: lazy register asset handler material
5-14-2025 16:35:33-debug: lazy register asset handler physics-material
5-14-2025 16:35:33-debug: lazy register asset handler effect
5-14-2025 16:35:33-debug: lazy register asset handler effect-header
5-14-2025 16:35:33-debug: lazy register asset handler audio-clip
5-14-2025 16:35:33-debug: lazy register asset handler animation-clip
5-14-2025 16:35:33-debug: lazy register asset handler animation-graph-variant
5-14-2025 16:35:33-debug: lazy register asset handler animation-mask
5-14-2025 16:35:33-debug: lazy register asset handler animation-graph
5-14-2025 16:35:33-debug: lazy register asset handler ttf-font
5-14-2025 16:35:33-debug: lazy register asset handler bitmap-font
5-14-2025 16:35:33-debug: lazy register asset handler particle
5-14-2025 16:35:33-debug: lazy register asset handler sprite-atlas
5-14-2025 16:35:33-debug: lazy register asset handler auto-atlas
5-14-2025 16:35:33-debug: lazy register asset handler label-atlas
5-14-2025 16:35:33-debug: lazy register asset handler render-pipeline
5-14-2025 16:35:33-debug: lazy register asset handler render-stage
5-14-2025 16:35:33-debug: lazy register asset handler instantiation-material
5-14-2025 16:35:33-debug: lazy register asset handler render-flow
5-14-2025 16:35:33-debug: lazy register asset handler instantiation-mesh
5-14-2025 16:35:33-debug: lazy register asset handler instantiation-skeleton
5-14-2025 16:35:33-debug: lazy register asset handler instantiation-animation
5-14-2025 16:35:33-debug: lazy register asset handler video-clip
5-14-2025 16:35:33-debug: asset-db:worker-startup-database[assets] (2855ms)
5-14-2025 16:35:33-debug: asset-db:start-database (8796ms)
5-14-2025 16:35:33-debug: asset-db:ready (17640ms)
5-14-2025 16:35:33-debug: fix the bug of updateDefaultUserData
5-14-2025 16:35:33-debug: init worker message success
5-14-2025 16:35:33-debug: programming:execute-script (13ms)
5-14-2025 16:35:34-debug: [Build Memory track]: builder:worker-init start:190.03MB, end 198.07MB, increase: 8.04MB
5-14-2025 16:35:34-debug: builder:worker-init (678ms)
5-14-2025 16:35:43-debug: Query all assets info in project
5-14-2025 16:35:43-debug: init custom config: keepNodeUuid: false, useCache: true
5-14-2025 16:35:43-debug: Skip compress image, progress: 0%
5-14-2025 16:35:43-debug: Init all bundles start..., progress: 0%
5-14-2025 16:35:43-debug: Num of bundles: 3..., progress: 0%
5-14-2025 16:35:43-debug: // ---- build task Query asset bundle ----
5-14-2025 16:35:43-debug: Query asset bundle start, progress: 0%
5-14-2025 16:35:43-debug: Init bundle root assets start..., progress: 0%
5-14-2025 16:35:43-debug:   Number of all scenes: 2
5-14-2025 16:35:43-debug: Query preload assets/scripts from cc.config.json: 60f7195c-ec2a-45eb-ba94-8955f60e81d0,1c02ae6f-4492-4915-b8f8-7492a3b1e4cd,810e96e4-e456-4468-9b59-f4e8f39732c0,efe8e2a3-eace-427b-b4f1-cb8a937ec77d,e9aa9a3e-5b2b-4ac7-a2c7-073de2b2b24f,8bbdbcdd-5cd4-4100-b6d5-b7c9625b6107,50f4348b-c883-4e2f-8f11-ce233b859fa1,fda095cb-831d-4601-ad94-846013963de8,f92806d7-1768-443f-afe8-12bcde84d0f0,dd3a144d-ab7f-41f0-82b8-2e43a090d496,f0416e68-0200-4b77-a926-4f9d16e494da,970b0598-bcb0-4714-91fb-2e81440dccd8,bcd64cc6-2dd9-43f6-abbe-66318d332032,d930590d-bb92-4cc8-8bd1-23cd027f9edf,a3cd009f-0ab0-420d-9278-b9fdab939bbc,b2bd1fa7-8d7c-49c5-a158-df29a6d3a594,871c3b6c-7379-419d-bda3-794b239ab90d
5-14-2025 16:35:43-debug:   Number of all scripts: 33
5-14-2025 16:35:43-debug:   Number of other assets: 341
5-14-2025 16:35:43-debug: Init bundle root assets success..., progress: 0%
5-14-2025 16:35:43-debug: // ---- build task Query asset bundle ---- (10ms)
5-14-2025 16:35:43-debug: [Build Memory track]: Query asset bundle start:200.08MB, end 200.76MB, increase: 701.28KB
5-14-2025 16:35:43-debug: Query asset bundle start, progress: 5%
5-14-2025 16:35:43-debug: // ---- build task Query asset bundle ----
5-14-2025 16:35:43-log: run build task Query asset bundle success in 10 ms√, progress: 5%
5-14-2025 16:35:43-debug: // ---- build task Query asset bundle ---- (4ms)
5-14-2025 16:35:43-debug: [Build Memory track]: Query asset bundle start:200.80MB, end 200.89MB, increase: 93.09KB
5-14-2025 16:35:43-log: run build task Query asset bundle success in 4 ms√, progress: 10%
5-14-2025 16:35:43-debug: Sort some build options to settings.json start, progress: 10%
5-14-2025 16:35:43-debug: // ---- build task Sort some build options to settings.json ----
5-14-2025 16:35:43-debug: // ---- build task Sort some build options to settings.json ---- (1ms)
5-14-2025 16:35:43-log: run build task Sort some build options to settings.json success in 1 ms√, progress: 12%
5-14-2025 16:35:43-debug: Fill script data to settings start, progress: 12%
5-14-2025 16:35:43-debug: [Build Memory track]: Sort some build options to settings.json start:200.93MB, end 200.96MB, increase: 35.57KB
5-14-2025 16:35:43-debug: // ---- build task Fill script data to settings ----
5-14-2025 16:35:43-debug: // ---- build task Fill script data to settings ---- (1ms)
5-14-2025 16:35:43-log: run build task Fill script data to settings success in 1 ms√, progress: 13%
5-14-2025 16:35:43-debug: [Build Memory track]: Fill script data to settings start:201.00MB, end 201.03MB, increase: 30.04KB
5-14-2025 16:35:43-debug: Sort some build options to settings.json start, progress: 13%
5-14-2025 16:35:43-debug: // ---- build task Sort some build options to settings.json ----
5-14-2025 16:35:43-debug: // ---- build task Sort some build options to settings.json ---- (6ms)
5-14-2025 16:35:43-log: run build task Sort some build options to settings.json success in 6 ms√, progress: 15%
5-14-2025 16:35:43-debug: [Build Memory track]: Sort some build options to settings.json start:201.06MB, end 201.20MB, increase: 148.50KB
5-14-2025 16:36:01-debug: Query all assets info in project
5-14-2025 16:36:01-debug: init custom config: keepNodeUuid: false, useCache: true
5-14-2025 16:36:01-debug: Skip compress image, progress: 0%
5-14-2025 16:36:01-debug: Num of bundles: 3..., progress: 0%
5-14-2025 16:36:01-debug: Init all bundles start..., progress: 0%
5-14-2025 16:36:01-debug: Query asset bundle start, progress: 0%
5-14-2025 16:36:01-debug: // ---- build task Query asset bundle ----
5-14-2025 16:36:01-debug: Init bundle root assets start..., progress: 0%
5-14-2025 16:36:01-debug: Query preload assets/scripts from cc.config.json: 60f7195c-ec2a-45eb-ba94-8955f60e81d0,1c02ae6f-4492-4915-b8f8-7492a3b1e4cd,810e96e4-e456-4468-9b59-f4e8f39732c0,efe8e2a3-eace-427b-b4f1-cb8a937ec77d,e9aa9a3e-5b2b-4ac7-a2c7-073de2b2b24f,8bbdbcdd-5cd4-4100-b6d5-b7c9625b6107,50f4348b-c883-4e2f-8f11-ce233b859fa1,fda095cb-831d-4601-ad94-846013963de8,f92806d7-1768-443f-afe8-12bcde84d0f0,dd3a144d-ab7f-41f0-82b8-2e43a090d496,f0416e68-0200-4b77-a926-4f9d16e494da,970b0598-bcb0-4714-91fb-2e81440dccd8,bcd64cc6-2dd9-43f6-abbe-66318d332032,d930590d-bb92-4cc8-8bd1-23cd027f9edf,a3cd009f-0ab0-420d-9278-b9fdab939bbc,b2bd1fa7-8d7c-49c5-a158-df29a6d3a594,871c3b6c-7379-419d-bda3-794b239ab90d
5-14-2025 16:36:01-debug:   Number of all scripts: 33
5-14-2025 16:36:01-debug:   Number of all scenes: 2
5-14-2025 16:36:01-debug: Init bundle root assets success..., progress: 0%
5-14-2025 16:36:01-debug: // ---- build task Query asset bundle ---- (11ms)
5-14-2025 16:36:01-log: run build task Query asset bundle success in 11 ms√, progress: 5%
5-14-2025 16:36:01-debug: [Build Memory track]: Query asset bundle start:195.64MB, end 195.46MB, increase: -179.21KB
5-14-2025 16:36:01-debug:   Number of other assets: 341
5-14-2025 16:36:01-debug: Query asset bundle start, progress: 5%
5-14-2025 16:36:01-debug: // ---- build task Query asset bundle ----
5-14-2025 16:36:01-debug: // ---- build task Query asset bundle ---- (4ms)
5-14-2025 16:36:01-log: run build task Query asset bundle success in 4 ms√, progress: 10%
5-14-2025 16:36:01-debug: [Build Memory track]: Query asset bundle start:195.50MB, end 195.59MB, increase: 93.25KB
5-14-2025 16:36:01-debug: // ---- build task Sort some build options to settings.json ----
5-14-2025 16:36:01-debug: Sort some build options to settings.json start, progress: 10%
5-14-2025 16:36:01-debug: // ---- build task Sort some build options to settings.json ---- (1ms)
5-14-2025 16:36:01-log: run build task Sort some build options to settings.json success in 1 ms√, progress: 12%
5-14-2025 16:36:01-debug: [Build Memory track]: Sort some build options to settings.json start:195.63MB, end 195.66MB, increase: 31.12KB
5-14-2025 16:36:01-debug: Fill script data to settings start, progress: 12%
5-14-2025 16:36:01-debug: // ---- build task Fill script data to settings ----
5-14-2025 16:36:01-debug: // ---- build task Fill script data to settings ---- (1ms)
5-14-2025 16:36:01-log: run build task Fill script data to settings success in 1 ms√, progress: 13%
5-14-2025 16:36:01-debug: [Build Memory track]: Fill script data to settings start:195.69MB, end 195.73MB, increase: 34.39KB
5-14-2025 16:36:01-debug: Sort some build options to settings.json start, progress: 13%
5-14-2025 16:36:01-debug: // ---- build task Sort some build options to settings.json ----
5-14-2025 16:36:01-debug: // ---- build task Sort some build options to settings.json ---- (4ms)
5-14-2025 16:36:01-log: run build task Sort some build options to settings.json success in 4 ms√, progress: 15%
5-14-2025 16:36:01-debug: [Build Memory track]: Sort some build options to settings.json start:195.76MB, end 195.92MB, increase: 159.00KB
5-14-2025 16:37:28-debug: refresh db internal success
5-14-2025 16:37:28-debug: refresh db assets success
5-14-2025 16:37:28-debug: Run asset db hook engine-extends:afterRefresh ...
5-14-2025 16:37:28-debug: Run asset db hook engine-extends:afterRefresh success!
5-14-2025 16:37:28-debug: asset-db:refresh-all-database (123ms)
5-14-2025 16:37:28-debug: asset-db:worker-effect-data-processing (2ms)
5-14-2025 16:37:28-debug: asset-db-hook-engine-extends-afterRefresh (2ms)
5-14-2025 16:37:30-debug: Query all assets info in project
5-14-2025 16:37:30-debug: init custom config: keepNodeUuid: false, useCache: true
5-14-2025 16:37:30-debug: Skip compress image, progress: 0%
5-14-2025 16:37:30-debug: Init all bundles start..., progress: 0%
5-14-2025 16:37:30-debug: Query asset bundle start, progress: 0%
5-14-2025 16:37:30-debug: // ---- build task Query asset bundle ----
5-14-2025 16:37:30-debug: Num of bundles: 3..., progress: 0%
5-14-2025 16:37:30-debug: Init bundle root assets start..., progress: 0%
5-14-2025 16:37:30-debug: Query preload assets/scripts from cc.config.json: 60f7195c-ec2a-45eb-ba94-8955f60e81d0,1c02ae6f-4492-4915-b8f8-7492a3b1e4cd,810e96e4-e456-4468-9b59-f4e8f39732c0,efe8e2a3-eace-427b-b4f1-cb8a937ec77d,e9aa9a3e-5b2b-4ac7-a2c7-073de2b2b24f,8bbdbcdd-5cd4-4100-b6d5-b7c9625b6107,50f4348b-c883-4e2f-8f11-ce233b859fa1,fda095cb-831d-4601-ad94-846013963de8,f92806d7-1768-443f-afe8-12bcde84d0f0,dd3a144d-ab7f-41f0-82b8-2e43a090d496,f0416e68-0200-4b77-a926-4f9d16e494da,970b0598-bcb0-4714-91fb-2e81440dccd8,bcd64cc6-2dd9-43f6-abbe-66318d332032,d930590d-bb92-4cc8-8bd1-23cd027f9edf,a3cd009f-0ab0-420d-9278-b9fdab939bbc,b2bd1fa7-8d7c-49c5-a158-df29a6d3a594,871c3b6c-7379-419d-bda3-794b239ab90d
5-14-2025 16:37:30-debug:   Number of all scenes: 2
5-14-2025 16:37:30-debug:   Number of all scripts: 33
5-14-2025 16:37:30-debug:   Number of other assets: 341
5-14-2025 16:37:30-debug: Init bundle root assets success..., progress: 0%
5-14-2025 16:37:30-debug: [Build Memory track]: Query asset bundle start:197.56MB, end 197.34MB, increase: -218.27KB
5-14-2025 16:37:30-debug: // ---- build task Query asset bundle ---- (9ms)
5-14-2025 16:37:30-log: run build task Query asset bundle success in 9 ms√, progress: 5%
5-14-2025 16:37:30-debug: Query asset bundle start, progress: 5%
5-14-2025 16:37:30-debug: // ---- build task Query asset bundle ----
5-14-2025 16:37:30-debug: // ---- build task Query asset bundle ---- (3ms)
5-14-2025 16:37:30-log: run build task Query asset bundle success in 3 ms√, progress: 10%
5-14-2025 16:37:30-debug: [Build Memory track]: Query asset bundle start:197.38MB, end 197.47MB, increase: 98.44KB
5-14-2025 16:37:30-debug: Sort some build options to settings.json start, progress: 10%
5-14-2025 16:37:30-debug: // ---- build task Sort some build options to settings.json ----
5-14-2025 16:37:30-log: run build task Sort some build options to settings.json success in 2 ms√, progress: 12%
5-14-2025 16:37:30-debug: // ---- build task Sort some build options to settings.json ---- (2ms)
5-14-2025 16:37:30-debug: [Build Memory track]: Sort some build options to settings.json start:197.51MB, end 197.54MB, increase: 30.20KB
5-14-2025 16:37:30-debug: Fill script data to settings start, progress: 12%
5-14-2025 16:37:30-debug: // ---- build task Fill script data to settings ----
5-14-2025 16:37:30-debug: // ---- build task Fill script data to settings ---- (2ms)
5-14-2025 16:37:30-log: run build task Fill script data to settings success in 2 ms√, progress: 13%
5-14-2025 16:37:30-debug: [Build Memory track]: Fill script data to settings start:197.57MB, end 197.60MB, increase: 30.49KB
5-14-2025 16:37:30-debug: Sort some build options to settings.json start, progress: 13%
5-14-2025 16:37:30-debug: // ---- build task Sort some build options to settings.json ----
5-14-2025 16:37:30-log: run build task Sort some build options to settings.json success in 8 ms√, progress: 15%
5-14-2025 16:37:30-debug: [Build Memory track]: Sort some build options to settings.json start:197.63MB, end 197.11MB, increase: -537.62KB
5-14-2025 16:37:30-debug: // ---- build task Sort some build options to settings.json ---- (8ms)
5-14-2025 16:37:41-debug: refresh db internal success
5-14-2025 16:37:41-debug: refresh db assets success
5-14-2025 16:37:41-debug: Run asset db hook engine-extends:afterRefresh ...
5-14-2025 16:37:41-debug: Run asset db hook engine-extends:afterRefresh success!
5-14-2025 16:37:41-debug: asset-db:refresh-all-database (125ms)
5-14-2025 16:37:41-debug: asset-db:worker-effect-data-processing (2ms)
5-14-2025 16:37:41-debug: asset-db-hook-engine-extends-afterRefresh (2ms)
